android/build/intermediates/manifest_merge_blame_file/debug/manifest-merger-blame-debug-report.txt
1<?xml version="1.0" encoding="utf-8"?>
2<manifest xmlns:android="http://schemas.android.com/apk/res/android"
3    package="tk.sebastjanmevlja.doodlejumpspace"
4    android:versionCode="2"
5    android:versionName="0.2" >
6
7    <uses-sdk
8        android:minSdkVersion="15"
8-->Doodle-jump\android\AndroidManifest.xml
9        android:targetSdkVersion="29" />
9-->Doodle-jump\android\AndroidManifest.xml
10
11    <uses-permission android:name="android.permission.VIBRATE" />
11-->Doodle-jump\android\AndroidManifest.xml:4:5-65
11-->Doodle-jump\android\AndroidManifest.xml:4:22-63
12
13    <application
13-->Doodle-jump\android\AndroidManifest.xml:6:5-29:19
14        android:allowBackup="true"
14-->Doodle-jump\android\AndroidManifest.xml:7:9-35
15        android:appCategory="game"
15-->Doodle-jump\android\AndroidManifest.xml:10:9-35
16        android:debuggable="true"
17        android:icon="@drawable/ic_launcher"
17-->Doodle-jump\android\AndroidManifest.xml:8:9-45
18        android:isGame="true"
18-->Doodle-jump\android\AndroidManifest.xml:9:9-30
19        android:label="@string/app_name"
19-->Doodle-jump\android\AndroidManifest.xml:11:9-41
20        android:testOnly="true"
21        android:theme="@style/GdxTheme" >
21-->Doodle-jump\android\AndroidManifest.xml:12:9-40
22        <meta-data
22-->Doodle-jump\android\AndroidManifest.xml:14:9-15:46
23            android:name="com.google.android.gms.games.APP_ID"
23-->Doodle-jump\android\AndroidManifest.xml:14:20-70
24            android:value="@string/app_id" />
24-->Doodle-jump\android\AndroidManifest.xml:15:13-43
25        <meta-data
25-->Doodle-jump\android\AndroidManifest.xml:16:9-17:68
26            android:name="com.google.android.gms.version"
26-->Doodle-jump\android\AndroidManifest.xml:16:20-65
27            android:value="@integer/google_play_services_version" />
27-->Doodle-jump\android\AndroidManifest.xml:17:13-66
28
29        <activity
29-->Doodle-jump\android\AndroidManifest.xml:19:9-28:20
30            android:name="tk.sebastjanmevlja.doodlejumpspace.AndroidLauncher"
30-->Doodle-jump\android\AndroidManifest.xml:20:13-44
31            android:configChanges="keyboard|keyboardHidden|navigation|orientation|screenSize|screenLayout"
31-->Doodle-jump\android\AndroidManifest.xml:23:13-107
32            android:label="@string/app_name"
32-->Doodle-jump\android\AndroidManifest.xml:21:13-45
33            android:screenOrientation="portrait" >
33-->Doodle-jump\android\AndroidManifest.xml:22:13-49
34            <intent-filter>
34-->Doodle-jump\android\AndroidManifest.xml:24:13-27:29
35                <action android:name="android.intent.action.MAIN" />
35-->Doodle-jump\android\AndroidManifest.xml:25:17-69
35-->Doodle-jump\android\AndroidManifest.xml:25:25-66
36
37                <category android:name="android.intent.category.LAUNCHER" />
37-->Doodle-jump\android\AndroidManifest.xml:26:17-77
37-->Doodle-jump\android\AndroidManifest.xml:26:27-74
38            </intent-filter>
39        </activity>
40        <activity
40-->[com.google.android.gms:play-services-base:16.0.1] AndroidManifest.xml:23:9-26:75
41            android:name="com.google.android.gms.common.api.GoogleApiActivity"
41-->[com.google.android.gms:play-services-base:16.0.1] AndroidManifest.xml:24:13-79
42            android:exported="false"
42-->[com.google.android.gms:play-services-base:16.0.1] AndroidManifest.xml:25:13-37
43            android:theme="@android:style/Theme.Translucent.NoTitleBar" />
43-->[com.google.android.gms:play-services-base:16.0.1] AndroidManifest.xml:26:13-72
44
45        <meta-data
45-->[com.android.support:support-v4:26.1.0] AndroidManifest.xml:26:9-28:38
46            android:name="android.support.VERSION"
46-->[com.android.support:support-v4:26.1.0] AndroidManifest.xml:27:13-51
47            android:value="26.1.0" />
47-->[com.android.support:support-v4:26.1.0] AndroidManifest.xml:28:13-35
48        <meta-data
48-->[android.arch.lifecycle:runtime:1.0.0] AndroidManifest.xml:25:9-27:47
49            android:name="android.arch.lifecycle.VERSION"
49-->[android.arch.lifecycle:runtime:1.0.0] AndroidManifest.xml:26:13-58
50            android:value="27.0.0-SNAPSHOT" />
50-->[android.arch.lifecycle:runtime:1.0.0] AndroidManifest.xml:27:13-44
51    </application>
52
53</manifest>